<?xml version="1.0" encoding="UTF-8"?>
<!-- Generated by org.testng.reporters.JUnitReportReporter -->
<testsuite hostname="DESKTOP-8QJ5818" name="testNg2.Sample" tests="3" failures="0" timestamp="2 Dec 2020 16:10:27 GMT" time="0.078" errors="0">
  <testcase name="TC3" time="0.030" classname="testNg2.Sample"/>
  <testcase name="TC1" time="0.014" classname="testNg2.Sample"/>
  <testcase name="TC2" time="0.034" classname="testNg2.Sample"/>
</testsuite> <!-- testNg2.Sample -->
