<?xml version="1.0" encoding="UTF-8"?>
<!-- Generated by org.testng.reporters.JUnitReportReporter -->
<testsuite hostname="DESKTOP-8QJ5818" name="testNg2.Keyword" tests="3" failures="0" timestamp="2 Dec 2020 16:36:16 GMT" time="0.072" errors="0">
  <testcase name="TC2" time="0.017" classname="testNg2.Keyword"/>
  <testcase name="TC3" time="0.020" classname="testNg2.Keyword"/>
  <testcase name="TC1" time="0.035" classname="testNg2.Keyword"/>
</testsuite> <!-- testNg2.Keyword -->
