<?xml version="1.0" encoding="UTF-8"?>
<!-- Generated by org.testng.reporters.JUnitReportReporter -->
<testsuite hostname="DESKTOP-8QJ5818" name="testNG3.Sample2" tests="2" failures="0" timestamp="2 Dec 2020 18:07:49 GMT" time="0.013" errors="0">
  <testcase name="TC5" time="0.009" classname="testNG3.Sample2"/>
  <testcase name="TC4" time="0.004" classname="testNG3.Sample2"/>
</testsuite> <!-- testNG3.Sample2 -->
