<?xml version="1.0" encoding="UTF-8"?>
<!-- Generated by org.testng.reporters.JUnitReportReporter -->
<testsuite hostname="DESKTOP-8QJ5818" name="PomWithDataDrivenWIthTestNG.KiteLoginTest" tests="1" failures="0" timestamp="4 Dec 2020 18:43:53 GMT" time="4.787" errors="0">
  <testcase name="VerifyPN" time="4.787" classname="PomWithDataDrivenWIthTestNG.KiteLoginTest"/>
</testsuite> <!-- PomWithDataDrivenWIthTestNG.KiteLoginTest -->
