<?xml version="1.0" encoding="UTF-8"?>
<!-- Generated by org.testng.reporters.JUnitReportReporter -->
<testsuite hostname="DESKTOP-8QJ5818" name="TestNG5.ExecuteFailTC" tests="1" failures="0" timestamp="8 Dec 2020 17:59:13 GMT" time="0.028" errors="0">
  <testcase name="TC3" time="0.028" classname="TestNG5.ExecuteFailTC"/>
</testsuite> <!-- TestNG5.ExecuteFailTC -->
