<?xml version="1.0" encoding="UTF-8"?>
<!-- Generated by org.testng.reporters.JUnitReportReporter -->
<testsuite hostname="DESKTOP-8QJ5818" name="testNG.Demo" tests="2" failures="0" timestamp="2 Dec 2020 10:10:20 GMT" time="0.040" errors="0">
  <testcase name="TC2" time="0.014" classname="testNG.Demo"/>
  <testcase name="TC1" time="0.026" classname="testNG.Demo"/>
</testsuite> <!-- testNG.Demo -->
