<?xml version="1.0" encoding="UTF-8"?>
<!-- Generated by org.testng.reporters.JUnitReportReporter -->
<testsuite hostname="DESKTOP-8QJ5818" name="Pom_DDF_TestNG_SuperClass_Utility.KiteLoginTest" tests="1" failures="0" timestamp="7 Dec 2020 12:07:35 GMT" time="7.442" errors="0">
  <testcase name="VerifyPN" time="7.442" classname="Pom_DDF_TestNG_SuperClass_Utility.KiteLoginTest"/>
</testsuite> <!-- Pom_DDF_TestNG_SuperClass_Utility.KiteLoginTest -->
